<?xml version="1.0" encoding="UTF-8" ?>
<testsuite errors="0" failures="1" hostname="T_Nghia" name="calculator.ConcateTest" skipped="0" tests="1" time="0.091" timestamp="2015-12-12T21:11:22">
  <properties>
    <property name="java.vendor" value="Oracle Corporation" />
    <property name="env.USERDOMAIN_ROAMINGPROFILE" value="T_NGHIA" />
    <property name="sun.java.launcher" value="SUN_STANDARD" />
    <property name="eclipse.pdebuild.templates" value="/E:/eclipse/plugins/org.eclipse.pde.build_3.9.0.v20140415-2029/templates/" />
    <property name="sun.management.compiler" value="HotSpot 64-Bit Tiered Compilers" />
    <property name="env.PROMPT" value="$P$G" />
    <property name="os.name" value="Windows 10" />
    <property name="sun.boot.class.path" value="C:\Program Files\Java\jre1.8.0_65\lib\resources.jar;C:\Program Files\Java\jre1.8.0_65\lib\rt.jar;C:\Program Files\Java\jre1.8.0_65\lib\sunrsasign.jar;C:\Program Files\Java\jre1.8.0_65\lib\jsse.jar;C:\Program Files\Java\jre1.8.0_65\lib\jce.jar;C:\Program Files\Java\jre1.8.0_65\lib\charsets.jar;C:\Program Files\Java\jre1.8.0_65\lib\jfr.jar;C:\Program Files\Java\jre1.8.0_65\classes" />
    <property name="env.XNAGSShared" value="C:\Program Files (x86)\Common Files\Microsoft Shared\XNA\" />
    <property name="env.COMPUTERNAME" value="T_NGHIA" />
    <property name="env.CommonProgramW6432" value="C:\Program Files\Common Files" />
    <property name="env.PathBackup" value="C:\ProgramData\Oracle\Java\javapath;C:\WINDOWS\system32;C:\WINDOWS;C:\WINDOWS\System32\Wbem;C:\WINDOWS\System32\WindowsPowerShell\v1.0\;C:\Users\Nghia-PC\.dnx\bin;C:\Program Files\Microsoft DNX\Dnvm\;C:\Program Files\Microsoft SQL Server\120\Tools\Binn\;C:\Program Files (x86)\Windows Kits\8.1\Windows Performance Toolkit\;C:\Program Files\Microsoft SQL Server\110\Tools\Binn\;C:\Program Files\Microsoft SQL Server\Client SDK\ODBC\110\Tools\Binn\;C:\Program Files (x86)\Microsoft SQL Server\120\Tools\Binn\;C:\Program Files\Microsoft SQL Server\120\DTS\Binn\;C:\Program Files (x86)\Microsoft SQL Server\120\Tools\Binn\ManagementStudio\;C:\Program Files (x86)\Microsoft SQL Server\120\DTS\Binn\;C:\Program Files\Java\jdk1.8.0_65\bin;C:\Program Files (x86)\Skype\Phone\" />
    <property name="env.ALLUSERSPROFILE" value="C:\ProgramData" />
    <property name="sun.desktop" value="windows" />
    <property name="java.vm.specification.vendor" value="Oracle Corporation" />
    <property name="ant.home" value="E:\eclipse\plugins\org.apache.ant_1.9.2.v201404171502" />
    <property name="jar.dir" value="build/jar" />
    <property name="java.runtime.version" value="1.8.0_65-b17" />
    <property name="env.HOMEPATH" value="\Users\Nghia-PC" />
    <property name="user.name" value="Nghia-PC" />
    <property name="build.dir" value="build" />
    <property name="user.language" value="en" />
    <property name="sun.boot.library.path" value="C:\Program Files\Java\jre1.8.0_65\bin" />
    <property name="ant.project.default-target" value="main" />
    <property name="ant.project.name" value="demo" />
    <property name="java.version" value="1.8.0_65" />
    <property name="env.PROCESSOR_IDENTIFIER" value="Intel64 Family 6 Model 58 Stepping 9, GenuineIntel" />
    <property name="user.timezone" value="" />
    <property name="env.TEMP" value="C:\Users\Nghia-PC\AppData\Local\Temp" />
    <property name="sun.arch.data.model" value="64" />
    <property name="java.endorsed.dirs" value="C:\Program Files\Java\jre1.8.0_65\lib\endorsed" />
    <property name="sun.cpu.isalist" value="amd64" />
    <property name="env.HOMEDRIVE" value="C:" />
    <property name="sun.jnu.encoding" value="Cp1252" />
    <property name="file.encoding.pkg" value="sun.io" />
    <property name="ECLIPSE_HOME" value="../../eclipse/" />
    <property name="file.separator" value="\" />
    <property name="ant.file.demo" value="E:\Workspace_\demo\build.xml" />
    <property name="java.specification.name" value="Java Platform API Specification" />
    <property name="env.CORECLR_PROFILER" value="NCover.ProfilerLauncher" />
    <property name="classes.dir" value="build/classes" />
    <property name="env.COR_PROFILER" value="NCover.ProfilerLauncher" />
    <property name="java.class.version" value="52.0" />
    <property name="ant.file.type.demo" value="file" />
    <property name="user.country" value="US" />
    <property name="java.home" value="C:\Program Files\Java\jre1.8.0_65" />
    <property name="env.PSModulePath" value="C:\WINDOWS\system32\WindowsPowerShell\v1.0\Modules\;C:\Program Files (x86)\Microsoft SQL Server\120\Tools\PowerShell\Modules\" />
    <property name="env.APPDATA" value="C:\Users\Nghia-PC\AppData\Roaming" />
    <property name="env.PUBLIC" value="C:\Users\Public" />
    <property name="java.vm.info" value="mixed mode" />
    <property name="env.ComSpec" value="C:\WINDOWS\system32\cmd.exe" />
    <property name="env.OS" value="Windows_NT" />
    <property name="env.CommonProgramFiles" value="C:\Program Files\Common Files" />
    <property name="main-class" value="main.HelloWorld" />
    <property name="ant.file" value="E:\Workspace_\demo\build.xml" />
    <property name="os.version" value="10.0" />
    <property name="env.ProgramW6432" value="C:\Program Files" />
    <property name="path.separator" value=";" />
    <property name="java.vm.version" value="25.65-b01" />
    <property name="user.variant" value="" />
    <property name="env.USERPROFILE" value="C:\Users\Nghia-PC" />
    <property name="ant.library.dir" value="E:\eclipse\plugins\org.apache.ant_1.9.2.v201404171502\lib" />
    <property name="env.COR_ENABLE_PROFILING" value="1" />
    <property name="junit.output.dir" value="junit" />
    <property name="env.JAVA_HOME" value="C:\Program Files\Java\jdk1.8.0_65" />
    <property name="java.awt.printerjob" value="sun.awt.windows.WPrinterJob" />
    <property name="env.TMP" value="C:\Users\Nghia-PC\AppData\Local\Temp" />
    <property name="env.FPS_BROWSER_USER_PROFILE_STRING" value="Default" />
    <property name="sun.io.unicode.encoding" value="UnicodeLittle" />
    <property name="awt.toolkit" value="sun.awt.windows.WToolkit" />
    <property name="user.script" value="" />
    <property name="eclipse.pdebuild.scripts" value="/E:/eclipse/plugins/org.eclipse.pde.build_3.9.0.v20140415-2029/scripts/" />
    <property name="user.home" value="C:\Users\Nghia-PC" />
    <property name="target" value="1.8" />
    <property name="env.ProgramData" value="C:\ProgramData" />
    <property name="env.VS140COMNTOOLS" value="C:\Program Files (x86)\Microsoft Visual Studio 14.0\Common7\Tools\" />
    <property name="env.ProgramFiles(x86)" value="C:\Program Files (x86)" />
    <property name="env.SESSIONNAME" value="Console" />
    <property name="java.specification.vendor" value="Oracle Corporation" />
    <property name="java.library.path" value="C:\Program Files\Java\jre1.8.0_65\bin;C:\WINDOWS\Sun\Java\bin;C:\WINDOWS\system32;C:\WINDOWS;C:/Program Files/Java/jre1.8.0_65/bin/server;C:/Program Files/Java/jre1.8.0_65/bin;C:/Program Files/Java/jre1.8.0_65/lib/amd64;C:\ProgramData\Oracle\Java\javapath;C:\WINDOWS\system32;C:\WINDOWS;C:\WINDOWS\System32\Wbem;C:\WINDOWS\System32\WindowsPowerShell\v1.0\;C:\Users\Nghia-PC\.dnx\bin;C:\Program Files\Microsoft DNX\Dnvm\;C:\Program Files\Microsoft SQL Server\120\Tools\Binn\;C:\Program Files (x86)\Windows Kits\8.1\Windows Performance Toolkit\;C:\Program Files\Microsoft SQL Server\110\Tools\Binn\;C:\Program Files\Microsoft SQL Server\Client SDK\ODBC\110\Tools\Binn\;C:\Program Files (x86)\Microsoft SQL Server\120\Tools\Binn\;C:\Program Files\Microsoft SQL Server\120\DTS\Binn\;C:\Program Files (x86)\Microsoft SQL Server\120\Tools\Binn\ManagementStudio\;C:\Program Files (x86)\Microsoft SQL Server\120\DTS\Binn\;C:\Program Files\Java\jdk1.8.0_65\bin;C:\Program Files (x86)\Skype\Phone\;C:\Program Files\NCover Desktop;E:\eclipse;;." />
    <property name="java.vendor.url" value="http://java.oracle.com/" />
    <property name="env.NUMBER_OF_PROCESSORS" value="4" />
    <property name="java.vm.vendor" value="Oracle Corporation" />
    <property name="java.runtime.name" value="Java(TM) SE Runtime Environment" />
    <property name="java.class.path" value="E:\Workspace_\demo\bin;E:\eclipse\plugins\org.junit_4.11.0.v201303080030\junit.jar;E:\eclipse\plugins\org.hamcrest.core_1.3.0.v201303031735.jar;E:\eclipse\plugins\org.apache.ant_1.9.2.v201404171502\lib\ant-launcher.jar;E:\eclipse\plugins\org.apache.ant_1.9.2.v201404171502\lib\ant.jar;E:\eclipse\plugins\org.apache.ant_1.9.2.v201404171502\lib\ant-junit.jar;E:\eclipse\plugins\org.apache.ant_1.9.2.v201404171502\lib\ant-junit4.jar" />
    <property name="sun.java.command" value="org.apache.tools.ant.taskdefs.optional.junit.JUnitTestRunner calculator.ConcateTest filtertrace=true haltOnError=false haltOnFailure=false formatter=org.apache.tools.ant.taskdefs.optional.junit.SummaryJUnitResultFormatter showoutput=false outputtoformatters=true logfailedtests=true logtestlistenerevents=false formatter=org.apache.tools.ant.taskdefs.optional.junit.XMLJUnitResultFormatter,E:\Workspace_\demo\junit\TEST-calculator.ConcateTest.xml crashfile=E:\Workspace_\demo\junitvmwatcher8689231433198098731.properties propsfile=E:\Workspace_\demo\junit928841353945013251.properties" />
    <property name="ant.version" value="Apache Ant(TM) version 1.9.2 compiled on July 8 2013" />
    <property name="java.vm.specification.name" value="Java Virtual Machine Specification" />
    <property name="env.LOGONSERVER" value="\\MicrosoftAccount" />
    <property name="env.windir" value="C:\WINDOWS" />
    <property name="java.vm.specification.version" value="1.8" />
    <property name="env.PROCESSOR_ARCHITECTURE" value="AMD64" />
    <property name="sun.os.patch.level" value="" />
    <property name="sun.cpu.endian" value="little" />
    <property name="debuglevel" value="source,lines,vars" />
    <property name="env.ProgramFiles" value="C:\Program Files" />
    <property name="env.ANT_HOME" value="E:\eclipse\plugins\org.apache.ant_1.9.2.v201404171502" />
    <property name="java.io.tmpdir" value="C:\Users\Nghia-PC\AppData\Local\Temp\" />
    <property name="eclipse.pdebuild.home" value="/E:/eclipse/plugins/org.eclipse.pde.build_3.9.0.v20140415-2029/./" />
    <property name="env.PROCESSOR_REVISION" value="3a09" />
    <property name="env.CommonProgramFiles(x86)" value="C:\Program Files (x86)\Common Files" />
    <property name="env.VS120COMNTOOLS" value="G:\Microsoft Visual Studio 12.0\Common7\Tools\" />
    <property name="java.vendor.url.bug" value="http://bugreport.sun.com/bugreport/" />
    <property name="env.SystemRoot" value="C:\WINDOWS" />
    <property name="env.FPS_BROWSER_APP_PROFILE_STRING" value="Internet Explorer" />
    <property name="os.arch" value="amd64" />
    <property name="java.awt.graphicsenv" value="sun.awt.Win32GraphicsEnvironment" />
    <property name="java.ext.dirs" value="C:\Program Files\Java\jre1.8.0_65\lib\ext;C:\WINDOWS\Sun\Java\lib\ext" />
    <property name="user.dir" value="E:\Workspace_\demo" />
    <property name="env.LOCALAPPDATA" value="C:\Users\Nghia-PC\AppData\Local" />
    <property name="line.separator" value="&#xd;&#xa;" />
    <property name="env.CORECLR_ENABLE_PROFILING" value="1" />
    <property name="java.vm.name" value="Java HotSpot(TM) 64-Bit Server VM" />
    <property name="env.PATHEXT" value=".COM;.EXE;.BAT;.CMD;.VBS;.VBE;.JS;.JSE;.WSF;.WSH;.MSC" />
    <property name="env.Path" value="C:/Program Files/Java/jre1.8.0_65/bin/server;C:/Program Files/Java/jre1.8.0_65/bin;C:/Program Files/Java/jre1.8.0_65/lib/amd64;C:\ProgramData\Oracle\Java\javapath;C:\WINDOWS\system32;C:\WINDOWS;C:\WINDOWS\System32\Wbem;C:\WINDOWS\System32\WindowsPowerShell\v1.0\;C:\Users\Nghia-PC\.dnx\bin;C:\Program Files\Microsoft DNX\Dnvm\;C:\Program Files\Microsoft SQL Server\120\Tools\Binn\;C:\Program Files (x86)\Windows Kits\8.1\Windows Performance Toolkit\;C:\Program Files\Microsoft SQL Server\110\Tools\Binn\;C:\Program Files\Microsoft SQL Server\Client SDK\ODBC\110\Tools\Binn\;C:\Program Files (x86)\Microsoft SQL Server\120\Tools\Binn\;C:\Program Files\Microsoft SQL Server\120\DTS\Binn\;C:\Program Files (x86)\Microsoft SQL Server\120\Tools\Binn\ManagementStudio\;C:\Program Files (x86)\Microsoft SQL Server\120\DTS\Binn\;C:\Program Files\Java\jdk1.8.0_65\bin;C:\Program Files (x86)\Skype\Phone\;C:\Program Files\NCover Desktop;E:\eclipse;" />
    <property name="env.GPU_MAX_ALLOC_PERCENT" value="30" />
    <property name="basedir" value="E:\Workspace_\demo" />
    <property name="ant.java.version" value="1.8" />
    <property name="ant.core.lib" value="E:\eclipse\plugins\org.apache.ant_1.9.2.v201404171502\lib\ant.jar" />
    <property name="env.USERNAME" value="Nghia-PC" />
    <property name="env.SystemDrive" value="C:" />
    <property name="source" value="1.8" />
    <property name="file.encoding" value="Cp1252" />
    <property name="env.XNAGSv4" value="C:\Program Files (x86)\Microsoft XNA\XNA Game Studio\v4.0\" />
    <property name="env.USERDOMAIN" value="T_NGHIA" />
    <property name="java.specification.version" value="1.8" />
    <property name="src.dir" value="src" />
    <property name="ant.project.invoked-targets" value="main" />
    <property name="env.PROCESSOR_LEVEL" value="6" />
  </properties>
  <testcase classname="calculator.ConcateTest" name="test" time="0.006">
    <failure message="expected:&lt;30&gt; but was:&lt;20&gt;" type="junit.framework.AssertionFailedError">junit.framework.AssertionFailedError: expected:&lt;30&gt; but was:&lt;20&gt;
	at calculator.ConcateTest.test(ConcateTest.java:10)
</failure>
  </testcase>
  <system-out><![CDATA[]]></system-out>
  <system-err><![CDATA[]]></system-err>
</testsuite>
